<?xml version="1.0" encoding="UTF-8"?>
<testsuite name="agh.ics.oop.GrassFieldTest" tests="3" skipped="0" failures="0" errors="0" timestamp="2022-12-06T18:11:05" hostname="SOBIESIAKOMP" time="0.195">
  <properties/>
  <testcase name="objectAtTest()" classname="agh.ics.oop.GrassFieldTest" time="0.124"/>
  <testcase name="isOccupiedTest()" classname="agh.ics.oop.GrassFieldTest" time="0.027"/>
  <testcase name="placeTest()" classname="agh.ics.oop.GrassFieldTest" time="0.04"/>
  <system-out><![CDATA[ y\x  0 1 2 3 4 5 6 7 8 91011121314
 15: -------------------------------
 14: | | | | |*| | | | | | | | | | |
 13: | | | | | |*| | | | |*| | | | |
 12: | | |*| | | | | | | | | | | | |
 11: | | | | |*|*|*| | | | | | |*| |
 10: | | | | | | | | | | | | | | | |
  9: | |*| | | | | | | | | | | | | |
  8: | | | | |*| | | | | | | |*| |*|
  7: | |*| | | | | | | | | | | | | |
  6: | | | | | | | | | | | | | | | |
  5: |*| | | | | | | | | | | | | | |
  4: | | |*|N| | | | |*| | | | | | |
  3: | | | | | | | | | | | | | | | |
  2: | | |N| | |*|*| | | | | | | | |
  1: | | |*| | | | | |*| | | | | | |
  0: -------------------------------

 y\x  0 1 2 3 4 5 6 7 8 91011121314
 15: -------------------------------
 14: | | | | |*| | | | | | | | | | |
 13: | | | | | |*| | | | |*| | | | |
 12: | | |*| | | | | | | | | | | | |
 11: | | | | |*|*|*| | | | | | |*| |
 10: | | | | | | | | | | | | | | | |
  9: | |*| | | | | | | | | | | | | |
  8: | | | | |*| | | | | | | |*| |*|
  7: | |*| | | | | | | | | | | | | |
  6: | | | | | | | | | | | | | | | |
  5: |*| | | | | | | | | | | | | | |
  4: | | |*|N| | | | |*| | | | | | |
  3: | | |N| | | | | | | | | | | | |
  2: | | | | | |*|*| | | | | | | | |
  1: | | |*| | | | | |*| | | | | | |
  0: -------------------------------

 y\x  0 1 2 3 4 5 6 7 8 91011121314
 15: -------------------------------
 14: | | | | |*| | | | | | | | | | |
 13: | | | | | |*| | | | |*| | | | |
 12: | | |*| | | | | | | | | | | | |
 11: | | | | |*|*|*| | | | | | |*| |
 10: | | | | | | | | | | | | | | | |
  9: | |*| | | | | | | | | | | | | |
  8: | | | | |*| | | | | | | |*| |*|
  7: | |*| | | | | | | | | | | | | |
  6: | | | | | | | | | | | | | | | |
  5: |*| | | | | | | | | | | | | | |
  4: | | |*| | | | | |*| | | | | | |
  3: | | |N|N| | | | | | | | | | | |
  2: | | | | | |*|*| | | | | | | | |
  1: | | |*| | | | | |*| | | | | | |
  0: -------------------------------

 y\x  0 1 2 3 4 5 6 7 8 91011121314
 15: -------------------------------
 14: | | | | |*| | | | | | | | | | |
 13: | | | | | |*| | | | |*| | | | |
 12: | | |*| | | | | | | | | | | | |
 11: | | | | |*|*|*| | | | | | |*| |
 10: | | | | | | | | | | | | | | | |
  9: | |*| | | | | | | | | | | | | |
  8: | | | | |*| | | | | | | |*| |*|
  7: | |*| | | | | | | | | | | | | |
  6: | | | | | | | | | | | | | | | |
  5: |*| | | | | | | | | | | | | | |
  4: | | |*| | | | | |*| | | | | | |
  3: | | |E|N| | | | | | | | | | | |
  2: | | | | | |*|*| | | | | | | | |
  1: | | |*| | | | | |*| | | | | | |
  0: -------------------------------

 y\x  0 1 2 3 4 5 6 7 8 91011121314
 15: -------------------------------
 14: | | | | |*| | | | | | | | | | |
 13: | | | | | |*| | | | |*| | | | |
 12: | | |*| | | | | | | | | | | | |
 11: | | | | |*|*|*| | | | | | |*| |
 10: | | | | | | | | | | | | | | | |
  9: | |*| | | | | | | | | | | | | |
  8: | | | | |*| | | | | | | |*| |*|
  7: | |*| | | | | | | | | | | | | |
  6: | | | | | | | | | | | | | | | |
  5: |*| | | | | | | | | | | | | | |
  4: | | |*| | | | | |*| | | | | | |
  3: | | |E|W| | | | | | | | | | | |
  2: | | | | | |*|*| | | | | | | | |
  1: | | |*| | | | | |*| | | | | | |
  0: -------------------------------

 y\x  0 1 2 3 4 5 6 7 8 91011121314
 15: -------------------------------
 14: | | | | |*| | | | | | | | | | |
 13: | | | | | |*| | | | |*| | | | |
 12: | | |*| | | | | | | | | | | | |
 11: | | | | |*|*|*| | | | | | |*| |
 10: | | | | | | | | | | | | | | | |
  9: | |*| | | | | | | | | | | | | |
  8: | | | | |*| | | | | | | |*| |*|
  7: | |*| | | | | | | | | | | | | |
  6: | | | | | | | | | | | | | | | |
  5: |*| | | | | | | | | | | | | | |
  4: | | |*| | | | | |*| | | | | | |
  3: | | |E|W| | | | | | | | | | | |
  2: | | | | | |*|*| | | | | | | | |
  1: | | |*| | | | | |*| | | | | | |
  0: -------------------------------

 y\x  0 1 2 3 4 5 6 7 8 91011121314
 15: -------------------------------
 14: | | | | |*| | | | | | | | | | |
 13: | | | | | |*| | | | |*| | | | |
 12: | | |*| | | | | | | | | | | | |
 11: | | | | |*|*|*| | | | | | |*| |
 10: | | | | | | | | | | | | | | | |
  9: | |*| | | | | | | | | | | | | |
  8: | | | | |*| | | | | | | |*| |*|
  7: | |*| | | | | | | | | | | | | |
  6: | | | | | | | | | | | | | | | |
  5: |*| | | | | | | | | | | | | | |
  4: | | |*| | | | | |*| | | | | | |
  3: | | |E|W| | | | | | | | | | | |
  2: | | | | | |*|*| | | | | | | | |
  1: | | |*| | | | | |*| | | | | | |
  0: -------------------------------

 y\x  0 1 2 3 4 5 6 7 8 91011121314
 15: -------------------------------
 14: | | | | |*| | | | | | | | | | |
 13: | | | | | |*| | | | |*| | | | |
 12: | | |*| | | | | | | | | | | | |
 11: | | | | |*|*|*| | | | | | |*| |
 10: | | | | | | | | | | | | | | | |
  9: | |*| | | | | | | | | | | | | |
  8: | | | | |*| | | | | | | |*| |*|
  7: | |*| | | | | | | | | | | | | |
  6: | | | | | | | | | | | | | | | |
  5: |*| | | | | | | | | | | | | | |
  4: | | |*| | | | | |*| | | | | | |
  3: | | |S|W| | | | | | | | | | | |
  2: | | | | | |*|*| | | | | | | | |
  1: | | |*| | | | | |*| | | | | | |
  0: -------------------------------

 y\x  0 1 2 3 4 5 6 7 8 91011121314
 15: -------------------------------
 14: | | | | |*| | | | | | | | | | |
 13: | | | | | |*| | | | |*| | | | |
 12: | | |*| | | | | | | | | | | | |
 11: | | | | |*|*|*| | | | | | |*| |
 10: | | | | | | | | | | | | | | | |
  9: | |*| | | | | | | | | | | | | |
  8: | | | | |*| | | | | | | |*| |*|
  7: | |*| | | | | | | | | | | | | |
  6: | | | | | | | | | | | | | | | |
  5: |*| | | | | | | | | | | | | | |
  4: | | |*| | | | | |*| | | | | | |
  3: | | |S|N| | | | | | | | | | | |
  2: | | | | | |*|*| | | | | | | | |
  1: | | |*| | | | | |*| | | | | | |
  0: -------------------------------

 y\x  0 1 2 3 4 5 6 7 8 91011121314
 15: -------------------------------
 14: | | | | |*| | | | | | | | | | |
 13: | | | | | |*| | | | |*| | | | |
 12: | | |*| | | | | | | | | | | | |
 11: | | | | |*|*|*| | | | | | |*| |
 10: | | | | | | | | | | | | | | | |
  9: | |*| | | | | | | | | | | | | |
  8: | | | | |*| | | | | | | |*| |*|
  7: | |*| | | | | | | | | | | | | |
  6: | | | | | | | | | | | | | | | |
  5: |*| | | | | | | | | | | | | | |
  4: | | |*| | | | | |*| | | | | | |
  3: | | | |N| | | | | | | | | | | |
  2: | | |S| | |*|*| | | | | | | | |
  1: | | |*| | | | | |*| | | | | | |
  0: -------------------------------

 y\x  0 1 2 3 4 5 6 7 8 91011121314
 15: -------------------------------
 14: | | | | |*| | | | | | | | | | |
 13: | | | | | |*| | | | |*| | | | |
 12: | | |*| | | | | | | | | | | | |
 11: | | | | |*|*|*| | | | | | |*| |
 10: | | | | | | | | | | | | | | | |
  9: | |*| | | | | | | | | | | | | |
  8: | | | | |*| | | | | | | |*| |*|
  7: | |*| | | | | | | | | | | | | |
  6: | | | | | | | | | | | | | | | |
  5: |*| | | | | | | | | | | | | | |
  4: | | |*|N| | | | |*| | | | | | |
  3: | | | | | | | | | | | | | | | |
  2: | | |S| | |*|*| | | | | | | | |
  1: | | |*| | | | | |*| | | | | | |
  0: -------------------------------

 y\x  0 1 2 3 4 5 6 7 8 91011121314
 15: -------------------------------
 14: | | | | |*| | | | | | | | | | |
 13: | | | | | |*| | | | |*| | | | |
 12: | | |*| | | | | | | | | | | | |
 11: | | | | |*|*|*| | | | | | |*| |
 10: | | | | | | | | | | | | | | | |
  9: | |*| | | | | | | | | | | | | |
  8: | | | | |*| | | | | | | |*| |*|
  7: | |*| | | | | | | | | | | | | |
  6: | | | | | | | | | | | | | | | |
  5: |*| | | | | | | | | | | | | | |
  4: | | |*|N| | | | |*| | | | | | |
  3: | | | | | | | | | | | | | | | |
  2: | | | | | |*|*| | | | |*| | | |
  1: | | |S| | | | | |*| | | | | | |
  0: -------------------------------

 y\x  0 1 2 3 4 5 6 7 8 91011121314
 15: -------------------------------
 14: | | | | |*| | | | | | | | | | |
 13: | | | | | |*| | | | |*| | | | |
 12: | | |*| | | | | | | | | | | | |
 11: | | | | |*|*|*| | | | | | |*| |
 10: | | | | | | | | | | | | | | | |
  9: | |*| | | | | | | | | | | | | |
  8: | | | | |*| | | | | | | |*| |*|
  7: | |*| | | | | | | | | | | | | |
  6: | | | | | | | | | | | | | | | |
  5: |*| | |N| | | | | | | | | | | |
  4: | | |*| | | | | |*| | | | | | |
  3: | | | | | | | | | | | | | | | |
  2: | | | | | |*|*| | | | |*| | | |
  1: | | |S| | | | | |*| | | | | | |
  0: -------------------------------

 y\x  0 1 2 3 4 5 6 7 8 91011121314
 15: -------------------------------
 14: | | | | |*| | | | | | | | | | |
 13: | | | | | |*| | | | |*| | | | |
 12: | | |*| | | | | | | | | | | | |
 11: | | | | |*|*|*| | | | | | |*| |
 10: | | | | | | | | | | | | | | | |
  9: | |*| | | | | | | | | | | | | |
  8: | | | | |*| | | | | | | |*| |*|
  7: | |*| | | | | | | | | | | | | |
  6: | | | | | | | | | | | | | | | |
  5: |*| | |N| | | | | | | | | | | |
  4: | | |*| | | | | |*| | | | | | |
  3: | | | | | | | | | | | | | | | |
  2: | | | | | |*|*| | | | |*| | | |
  1: | | | | | | | | |*| | | | | | |
  0: | | |S| | | | | | | | | | | | |
 -1: -------------------------------

 y\x  0 1 2 3 4 5 6 7 8 91011121314
 15: -------------------------------
 14: | | | | |*| | | | | | | | | | |
 13: | | | | | |*| | | | |*| | | | |
 12: | | |*| | | | | | | | | | | | |
 11: | | | | |*|*|*| | | | | | |*| |
 10: | | | | | | | | | | | | | | | |
  9: | |*| | | | | | | | | | | | | |
  8: | | | | |*| | | | | | | |*| |*|
  7: | |*| | | | | | | | | | | | | |
  6: | | | |N| | | | | | | | | | | |
  5: |*| | | | | | | | | | | | | | |
  4: | | |*| | | | | |*| | | | | | |
  3: | | | | | | | | | | | | | | | |
  2: | | | | | |*|*| | | | |*| | | |
  1: | | | | | | | | |*| | | | | | |
  0: | | |S| | | | | | | | | | | | |
 -1: -------------------------------

 y\x  0 1 2 3 4 5 6 7 8 91011121314
 15: -------------------------------
 14: | | | | |*| | | | | | | | | | |
 13: | | | | | |*| | | | |*| | | | |
 12: | | |*| | | | | | | | | | | | |
 11: | | | | |*|*|*| | | | | | |*| |
 10: | | | | | | | | | | | | | | | |
  9: | |*| | | | | | | | | | | | | |
  8: | | | | |*| | | | | | | |*| |*|
  7: | |*| | | | | | | | | | | | | |
  6: | | | |N| | | | | | | | | | | |
  5: |*| | | | | | | | | | | | | | |
  4: | | |*| | | | | |*| | | | | | |
  3: | | | | | | | | | | | | | | | |
  2: | | | | | |*|*| | | | |*| | | |
  1: | | | | | | | | |*| | | | | | |
  0: | | | | | | | | | | | | | | | |
 -1: | | |S| | | | | | | | | | | | |
 -2: -------------------------------

 y\x  0 1 2 3 4 5 6 7 8 91011121314
 15: -------------------------------
 14: | | | | |*| | | | | | | | | | |
 13: | | | | | |*| | | | |*| | | | |
 12: | | |*| | | | | | | | | | | | |
 11: | | | | |*|*|*| | | | | | |*| |
 10: | | | | | | | | | | | | | | | |
  9: | |*| | | | | | | | | | | | | |
  8: | | | | |*| | | | | | | |*| |*|
  7: | |*| |N| | | | | | | | | | | |
  6: | | | | | | | | | | | | | | | |
  5: |*| | | | | | | | | | | | | | |
  4: | | |*| | | | | |*| | | | | | |
  3: | | | | | | | | | | | | | | | |
  2: | | | | | |*|*| | | | |*| | | |
  1: | | | | | | | | |*| | | | | | |
  0: | | | | | | | | | | | | | | | |
 -1: | | |S| | | | | | | | | | | | |
 -2: -------------------------------

 y\x  0 1 2 3 4 5 6 7 8 91011121314
 15: -------------------------------
 14: | | | |*| | | | | | | | | |*|*|
 13: | | | | | |*| | | | |*| |*| | |
 12: | | | | | | | | | | | | |*|*| |
 11: | | | | | |*| | | | | | | | | |
 10: | | | | | | | | | | | | | | | |
  9: | | | | | | | |*| | | | | | | |
  8: | | | | | | | | | | | | | | | |
  7: | | | | | | | | | | | | | | | |
  6: | | |*| | | | | | | | | | | | |
  5: | | | | | | | | | | | | | | | |
  4: | | | |N| | | | |*| | | | | | |
  3: | | | | | | | |*| | | | | | | |
  2: |*| |N| | | |*| | | | | | | | |
  1: | | | | | | | | | | | | | | | |
  0: | | |*|*| | | |*|*|*| | | | | |
 -1: -------------------------------

 y\x  0 1 2 3 4 5 6 7 8 91011121314
 15: -------------------------------
 14: | | | |*| | | | | | | | | |*|*|
 13: | | | | | |*| | | | |*| |*| | |
 12: | | | | | | | | | | | | |*|*| |
 11: | | | | | |*| | | | | | | | | |
 10: | | | | | | | | | | | | | | | |
  9: | | | | | | | |*| | | | | | | |
  8: | | | | | | | | | | | | | | | |
  7: | | | | | | | | | | | | | | | |
  6: | | |*| | | | | | | | | | | | |
  5: | | | | | | | | | | | | | | | |
  4: | | | |N| | | | |*| | | | | | |
  3: | | |N| | | | |*| | | | | | | |
  2: |*| | | | | |*| | | | | | | | |
  1: | | | | | | | | | | | | | | | |
  0: | | |*|*| | | |*|*|*| | | | | |
 -1: -------------------------------

 y\x  0 1 2 3 4 5 6 7 8 91011121314
 15: -------------------------------
 14: | | | |*| | | | | | | | | |*|*|
 13: | | | | | |*| | | | |*| |*| | |
 12: | | | | | | | | | | | | |*|*| |
 11: | | | | | |*| | | | | | | | | |
 10: | | | | | | | | | | | | | | | |
  9: | | | | | | | |*| | | | | | | |
  8: | | | | | | | | | | | | | | | |
  7: | | | | | | | | | | | | | | | |
  6: | | |*| | | | | | | | | | | | |
  5: | | | | | | | | | | | | | | | |
  4: | | | | | | | | |*| | | | | | |
  3: | | |N|N| | | |*| | | | | | | |
  2: |*| | | | | |*| | | | | | | | |
  1: | | | | | | | | | | | | | | | |
  0: | | |*|*| | | |*|*|*| | | | | |
 -1: -------------------------------

 y\x  0 1 2 3 4 5 6 7 8 91011121314
 15: -------------------------------
 14: | | | |*| | | | | | | | | |*|*|
 13: | | | | | |*| | | | |*| |*| | |
 12: | | | | | | | | | | | | |*|*| |
 11: | | | | | |*| | | | | | | | | |
 10: | | | | | | | | | | | | | | | |
  9: | | | | | | | |*| | | | | | | |
  8: | | | | | | | | | | | | | | | |
  7: | | | | | | | | | | | | | | | |
  6: | | |*| | | | | | | | | | | | |
  5: | | | | | | | | | | | | | | | |
  4: | | | | | | | | |*| | | | | | |
  3: | | |E|N| | | |*| | | | | | | |
  2: |*| | | | | |*| | | | | | | | |
  1: | | | | | | | | | | | | | | | |
  0: | | |*|*| | | |*|*|*| | | | | |
 -1: -------------------------------

 y\x  0 1 2 3 4 5 6 7 8 91011121314
 15: -------------------------------
 14: | | | |*| | | | | | | | | |*|*|
 13: | | | | | |*| | | | |*| |*| | |
 12: | | | | | | | | | | | | |*|*| |
 11: | | | | | |*| | | | | | | | | |
 10: | | | | | | | | | | | | | | | |
  9: | | | | | | | |*| | | | | | | |
  8: | | | | | | | | | | | | | | | |
  7: | | | | | | | | | | | | | | | |
  6: | | |*| | | | | | | | | | | | |
  5: | | | | | | | | | | | | | | | |
  4: | | | | | | | | |*| | | | | | |
  3: | | |E|W| | | |*| | | | | | | |
  2: |*| | | | | |*| | | | | | | | |
  1: | | | | | | | | | | | | | | | |
  0: | | |*|*| | | |*|*|*| | | | | |
 -1: -------------------------------

 y\x  0 1 2 3 4 5 6 7 8 91011121314
 15: -------------------------------
 14: | | | |*| | | | | | | | | |*|*|
 13: | | | | | |*| | | | |*| |*| | |
 12: | | | | | | | | | | | | |*|*| |
 11: | | | | | |*| | | | | | | | | |
 10: | | | | | | | | | | | | | | | |
  9: | | | | | | | |*| | | | | | | |
  8: | | | | | | | | | | | | | | | |
  7: | | | | | | | | | | | | | | | |
  6: | | |*| | | | | | | | | | | | |
  5: | | | | | | | | | | | | | | | |
  4: | | | | | | | | |*| | | | | | |
  3: | | |E|W| | | |*| | | | | | | |
  2: |*| | | | | |*| | | | | | | | |
  1: | | | | | | | | | | | | | | | |
  0: | | |*|*| | | |*|*|*| | | | | |
 -1: -------------------------------

 y\x  0 1 2 3 4 5 6 7 8 91011121314
 15: -------------------------------
 14: | | | |*| | | | | | | | | |*|*|
 13: | | | | | |*| | | | |*| |*| | |
 12: | | | | | | | | | | | | |*|*| |
 11: | | | | | |*| | | | | | | | | |
 10: | | | | | | | | | | | | | | | |
  9: | | | | | | | |*| | | | | | | |
  8: | | | | | | | | | | | | | | | |
  7: | | | | | | | | | | | | | | | |
  6: | | |*| | | | | | | | | | | | |
  5: | | | | | | | | | | | | | | | |
  4: | | | | | | | | |*| | | | | | |
  3: | | |E|W| | | |*| | | | | | | |
  2: |*| | | | | |*| | | | | | | | |
  1: | | | | | | | | | | | | | | | |
  0: | | |*|*| | | |*|*|*| | | | | |
 -1: -------------------------------

 y\x  0 1 2 3 4 5 6 7 8 91011121314
 15: -------------------------------
 14: | | | |*| | | | | | | | | |*|*|
 13: | | | | | |*| | | | |*| |*| | |
 12: | | | | | | | | | | | | |*|*| |
 11: | | | | | |*| | | | | | | | | |
 10: | | | | | | | | | | | | | | | |
  9: | | | | | | | |*| | | | | | | |
  8: | | | | | | | | | | | | | | | |
  7: | | | | | | | | | | | | | | | |
  6: | | |*| | | | | | | | | | | | |
  5: | | | | | | | | | | | | | | | |
  4: | | | | | | | | |*| | | | | | |
  3: | | |S|W| | | |*| | | | | | | |
  2: |*| | | | | |*| | | | | | | | |
  1: | | | | | | | | | | | | | | | |
  0: | | |*|*| | | |*|*|*| | | | | |
 -1: -------------------------------

 y\x  0 1 2 3 4 5 6 7 8 91011121314
 15: -------------------------------
 14: | | | |*| | | | | | | | | |*|*|
 13: | | | | | |*| | | | |*| |*| | |
 12: | | | | | | | | | | | | |*|*| |
 11: | | | | | |*| | | | | | | | | |
 10: | | | | | | | | | | | | | | | |
  9: | | | | | | | |*| | | | | | | |
  8: | | | | | | | | | | | | | | | |
  7: | | | | | | | | | | | | | | | |
  6: | | |*| | | | | | | | | | | | |
  5: | | | | | | | | | | | | | | | |
  4: | | | | | | | | |*| | | | | | |
  3: | | |S|N| | | |*| | | | | | | |
  2: |*| | | | | |*| | | | | | | | |
  1: | | | | | | | | | | | | | | | |
  0: | | |*|*| | | |*|*|*| | | | | |
 -1: -------------------------------

 y\x  0 1 2 3 4 5 6 7 8 91011121314
 15: -------------------------------
 14: | | | |*| | | | | | | | | |*|*|
 13: | | | | | |*| | | | |*| |*| | |
 12: | | | | | | | | | | | | |*|*| |
 11: | | | | | |*| | | | | | | | | |
 10: | | | | | | | | | | | | | | | |
  9: | | | | | | | |*| | | | | | | |
  8: | | | | | | | | | | | | | | | |
  7: | | | | | | | | | | | | | | | |
  6: | | |*| | | | | | | | | | | | |
  5: | | | | | | | | | | | | | | | |
  4: | | | | | | | | |*| | | | | | |
  3: | | | |N| | | |*| | | | | | | |
  2: |*| |S| | | |*| | | | | | | | |
  1: | | | | | | | | | | | | | | | |
  0: | | |*|*| | | |*|*|*| | | | | |
 -1: -------------------------------

 y\x  0 1 2 3 4 5 6 7 8 91011121314
 15: -------------------------------
 14: | | | |*| | | | | | | | | |*|*|
 13: | | | | | |*| | | | |*| |*| | |
 12: | | | | | | | | | | | | |*|*| |
 11: | | | | | |*| | | | | | | | | |
 10: | | | | | | | | | | | | | | | |
  9: | | | | | | | |*| | | | | | | |
  8: | | | | | | | | | | | | | | | |
  7: | | | | | | | | | | | | | | | |
  6: | | |*| | | | | | | | | | | | |
  5: | | | | | | | | | | | | | | | |
  4: | | | |N| | | | |*| | | | | | |
  3: | | | | | | | |*| | | | | | | |
  2: |*| |S| | | |*| | | | | | | | |
  1: | | | | | | | | | | | | | | | |
  0: | | |*|*| | | |*|*|*| | | | | |
 -1: -------------------------------

 y\x  0 1 2 3 4 5 6 7 8 91011121314
 15: -------------------------------
 14: | | | |*| | | | | | | | | |*|*|
 13: | | | | | |*| | | | |*| |*| | |
 12: | | | | | | | | | | | | |*|*| |
 11: | | | | | |*| | | | | | | | | |
 10: | | | | | | | | | | | | | | | |
  9: | | | | | | | |*| | | | | | | |
  8: | | | | | | | | | | | | | | | |
  7: | | | | | | | | | | | | | | | |
  6: | | |*| | | | | | | | | | | | |
  5: | | | | | | | | | | | | | | | |
  4: | | | |N| | | | |*| | | | | | |
  3: | | | | | | | |*| | | | | | | |
  2: |*| | | | | |*| | | | | | | | |
  1: | | |S| | | | | | | | | | | | |
  0: | | |*|*| | | |*|*|*| | | | | |
 -1: -------------------------------

 y\x  0 1 2 3 4 5 6 7 8 91011121314
 15: -------------------------------
 14: | | | |*| | | | | | | | | |*|*|
 13: | | | | | |*| | | | |*| |*| | |
 12: | | | | | | | | | | | | |*|*| |
 11: | | | | | |*| | | | | | | | | |
 10: | | | | | | | | | | | | | | | |
  9: | | | | | | | |*| | | | | | | |
  8: | | | | | | | | | | | | | | | |
  7: | | | | | | | | | | | | | | | |
  6: | | |*| | | | | | | | | | | | |
  5: | | | |N| | | | | | | | | | | |
  4: | | | | | | | | |*| | | | | | |
  3: | | | | | | | |*| | | | | | | |
  2: |*| | | | | |*| | | | | | | | |
  1: | | |S| | | | | | | | | | | | |
  0: | | |*|*| | | |*|*|*| | | | | |
 -1: -------------------------------

 y\x  0 1 2 3 4 5 6 7 8 91011121314
 15: -------------------------------
 14: | | | |*| | | | | | | | | |*|*|
 13: | | | | | |*| | | | |*| |*| | |
 12: | | | | | | | | | | | | |*|*| |
 11: | | | | | |*| | | | | | | | | |
 10: | | | | | | | | | | |*| | | | |
  9: | | | | | | | |*| | | | | | | |
  8: | | | | | | | | | | | | | | | |
  7: | | | | | | | | | | | | | | | |
  6: | | |*| | | | | | | | | | | | |
  5: | | | |N| | | | | | | | | | | |
  4: | | | | | | | | |*| | | | | | |
  3: | | | | | | | |*| | | | | | | |
  2: |*| | | | | |*| | | | | | | | |
  1: | | | | | | | | | | | | | | | |
  0: | | |S|*| | | |*|*|*| | | | | |
 -1: -------------------------------

 y\x  0 1 2 3 4 5 6 7 8 91011121314
 15: -------------------------------
 14: | | | |*| | | | | | | | | |*|*|
 13: | | | | | |*| | | | |*| |*| | |
 12: | | | | | | | | | | | | |*|*| |
 11: | | | | | |*| | | | | | | | | |
 10: | | | | | | | | | | |*| | | | |
  9: | | | | | | | |*| | | | | | | |
  8: | | | | | | | | | | | | | | | |
  7: | | | | | | | | | | | | | | | |
  6: | | |*|N| | | | | | | | | | | |
  5: | | | | | | | | | | | | | | | |
  4: | | | | | | | | |*| | | | | | |
  3: | | | | | | | |*| | | | | | | |
  2: |*| | | | | |*| | | | | | | | |
  1: | | | | | | | | | | | | | | | |
  0: | | |S|*| | | |*|*|*| | | | | |
 -1: -------------------------------

 y\x  0 1 2 3 4 5 6 7 8 91011121314
 15: -------------------------------
 14: | | | |*| | | | | | | | | |*|*|
 13: | | | | | |*| | | | |*| |*| | |
 12: | | | | | | | | | | | | |*|*| |
 11: | | | | | |*| | | | | | | | | |
 10: | | | | | | | | | | |*| | | | |
  9: | | | | | | | |*| | | | | | | |
  8: | | | | | | | | | | | | | | | |
  7: | | | | | | | | | | | | | | | |
  6: | | |*|N| | | | | | | | | | | |
  5: | | | | | | | | | | | | | | | |
  4: | | | | | | | | |*| | | | | | |
  3: | | | | | | | |*| | | | | | | |
  2: |*| | | | | |*| | | | | | | | |
  1: | | | | | | | | | | | | | | | |
  0: | | | |*| | | |*|*|*| | | | | |
 -1: | | |S| | | | | | | | | | | | |
 -2: -------------------------------

 y\x  0 1 2 3 4 5 6 7 8 91011121314
 15: -------------------------------
 14: | | | |*| | | | | | | | | |*|*|
 13: | | | | | |*| | | | |*| |*| | |
 12: | | | | | | | | | | | | |*|*| |
 11: | | | | | |*| | | | | | | | | |
 10: | | | | | | | | | | |*| | | | |
  9: | | | | | | | |*| | | | | | | |
  8: | | | | | | | | | | | | | | | |
  7: | | | |N| | | | | | | | | | | |
  6: | | |*| | | | | | | | | | | | |
  5: | | | | | | | | | | | | | | | |
  4: | | | | | | | | |*| | | | | | |
  3: | | | | | | | |*| | | | | | | |
  2: |*| | | | | |*| | | | | | | | |
  1: | | | | | | | | | | | | | | | |
  0: | | | |*| | | |*|*|*| | | | | |
 -1: | | |S| | | | | | | | | | | | |
 -2: -------------------------------

 y\x  1 2 3 4 5 6 7 8 91011121314
 14: -----------------------------
 13: |*| | | | | | | | | | | | | |
 12: | | | | | | | | |*| | | | | |
 11: | | | | |*| | | | | |*| | |*|
 10: | | | | |*| | | | | | | | | |
  9: | |*| | | | | | | | | | | | |
  8: | | | | |*| | | | | |*| | |*|
  7: | | | | | | | | |*|*| | | | |
  6: | | |*| | | | | | |*| | | | |
  5: | | | | | |*| | | | | | | | |
  4: | | |N|*|*| | | | | | | | |*|
  3: | | | | | | | | | | | | | | |
  2: | |N| | | | | | | | | | | |*|
  1: | | | |*| | | | | | | | | | |
  0: -----------------------------

 y\x  1 2 3 4 5 6 7 8 91011121314
 14: -----------------------------
 13: |*| | | | | | | | | | | | | |
 12: | | | | | | | | |*| | | | | |
 11: | | | | |*| | | | | |*| | |*|
 10: | | | | |*| | | | | | | | | |
  9: | |*| | | | | | | | | | | | |
  8: | | | | |*| | | | | |*| | |*|
  7: | | | | | | | | |*|*| | | | |
  6: | | |*| | | | | | |*| | | | |
  5: | | | | | |*| | | | | | | | |
  4: | | |N|*|*| | | | | | | | |*|
  3: | |N| | | | | | | | | | | | |
  2: | | | | | | | | | | | | | |*|
  1: | | | |*| | | | | | | | | | |
  0: -----------------------------

 y\x  1 2 3 4 5 6 7 8 91011121314
 14: -----------------------------
 13: |*| | | | | | | | | | | | | |
 12: | | | | | | | | |*| | | | | |
 11: | | | | |*| | | | | |*| | |*|
 10: | | | | |*| | | | | | | | | |
  9: | |*| | | | | | | | | | | | |
  8: | | | | |*| | | | | |*| | |*|
  7: | | | | | | | | |*|*| | | | |
  6: | | |*| | | | | | |*| | | | |
  5: | | | | | |*| | | | | | | | |
  4: | | | |*|*| | | | | | | | |*|
  3: | |N|N| | | | | | | | | | | |
  2: | | | | | | | | | | | | | |*|
  1: | | | |*| | | | | | | | | | |
  0: -----------------------------

 y\x  1 2 3 4 5 6 7 8 91011121314
 14: -----------------------------
 13: |*| | | | | | | | | | | | | |
 12: | | | | | | | | |*| | | | | |
 11: | | | | |*| | | | | |*| | |*|
 10: | | | | |*| | | | | | | | | |
  9: | |*| | | | | | | | | | | | |
  8: | | | | |*| | | | | |*| | |*|
  7: | | | | | | | | |*|*| | | | |
  6: | | |*| | | | | | |*| | | | |
  5: | | | | | |*| | | | | | | | |
  4: | | | |*|*| | | | | | | | |*|
  3: | |E|N| | | | | | | | | | | |
  2: | | | | | | | | | | | | | |*|
  1: | | | |*| | | | | | | | | | |
  0: -----------------------------

 y\x  1 2 3 4 5 6 7 8 91011121314
 14: -----------------------------
 13: |*| | | | | | | | | | | | | |
 12: | | | | | | | | |*| | | | | |
 11: | | | | |*| | | | | |*| | |*|
 10: | | | | |*| | | | | | | | | |
  9: | |*| | | | | | | | | | | | |
  8: | | | | |*| | | | | |*| | |*|
  7: | | | | | | | | |*|*| | | | |
  6: | | |*| | | | | | |*| | | | |
  5: | | | | | |*| | | | | | | | |
  4: | | | |*|*| | | | | | | | |*|
  3: | |E|W| | | | | | | | | | | |
  2: | | | | | | | | | | | | | |*|
  1: | | | |*| | | | | | | | | | |
  0: -----------------------------

 y\x  1 2 3 4 5 6 7 8 91011121314
 14: -----------------------------
 13: |*| | | | | | | | | | | | | |
 12: | | | | | | | | |*| | | | | |
 11: | | | | |*| | | | | |*| | |*|
 10: | | | | |*| | | | | | | | | |
  9: | |*| | | | | | | | | | | | |
  8: | | | | |*| | | | | |*| | |*|
  7: | | | | | | | | |*|*| | | | |
  6: | | |*| | | | | | |*| | | | |
  5: | | | | | |*| | | | | | | | |
  4: | | | |*|*| | | | | | | | |*|
  3: | |E|W| | | | | | | | | | | |
  2: | | | | | | | | | | | | | |*|
  1: | | | |*| | | | | | | | | | |
  0: -----------------------------

 y\x  1 2 3 4 5 6 7 8 91011121314
 14: -----------------------------
 13: |*| | | | | | | | | | | | | |
 12: | | | | | | | | |*| | | | | |
 11: | | | | |*| | | | | |*| | |*|
 10: | | | | |*| | | | | | | | | |
  9: | |*| | | | | | | | | | | | |
  8: | | | | |*| | | | | |*| | |*|
  7: | | | | | | | | |*|*| | | | |
  6: | | |*| | | | | | |*| | | | |
  5: | | | | | |*| | | | | | | | |
  4: | | | |*|*| | | | | | | | |*|
  3: | |E|W| | | | | | | | | | | |
  2: | | | | | | | | | | | | | |*|
  1: | | | |*| | | | | | | | | | |
  0: -----------------------------

 y\x  1 2 3 4 5 6 7 8 91011121314
 14: -----------------------------
 13: |*| | | | | | | | | | | | | |
 12: | | | | | | | | |*| | | | | |
 11: | | | | |*| | | | | |*| | |*|
 10: | | | | |*| | | | | | | | | |
  9: | |*| | | | | | | | | | | | |
  8: | | | | |*| | | | | |*| | |*|
  7: | | | | | | | | |*|*| | | | |
  6: | | |*| | | | | | |*| | | | |
  5: | | | | | |*| | | | | | | | |
  4: | | | |*|*| | | | | | | | |*|
  3: | |S|W| | | | | | | | | | | |
  2: | | | | | | | | | | | | | |*|
  1: | | | |*| | | | | | | | | | |
  0: -----------------------------

 y\x  1 2 3 4 5 6 7 8 91011121314
 14: -----------------------------
 13: |*| | | | | | | | | | | | | |
 12: | | | | | | | | |*| | | | | |
 11: | | | | |*| | | | | |*| | |*|
 10: | | | | |*| | | | | | | | | |
  9: | |*| | | | | | | | | | | | |
  8: | | | | |*| | | | | |*| | |*|
  7: | | | | | | | | |*|*| | | | |
  6: | | |*| | | | | | |*| | | | |
  5: | | | | | |*| | | | | | | | |
  4: | | | |*|*| | | | | | | | |*|
  3: | |S|N| | | | | | | | | | | |
  2: | | | | | | | | | | | | | |*|
  1: | | | |*| | | | | | | | | | |
  0: -----------------------------

 y\x  1 2 3 4 5 6 7 8 91011121314
 14: -----------------------------
 13: |*| | | | | | | | | | | | | |
 12: | | | | | | | | |*| | | | | |
 11: | | | | |*| | | | | |*| | |*|
 10: | | | | |*| | | | | | | | | |
  9: | |*| | | | | | | | | | | | |
  8: | | | | |*| | | | | |*| | |*|
  7: | | | | | | | | |*|*| | | | |
  6: | | |*| | | | | | |*| | | | |
  5: | | | | | |*| | | | | | | | |
  4: | | | |*|*| | | | | | | | |*|
  3: | | |N| | | | | | | | | | | |
  2: | |S| | | | | | | | | | | |*|
  1: | | | |*| | | | | | | | | | |
  0: -----------------------------

 y\x  1 2 3 4 5 6 7 8 91011121314
 14: -----------------------------
 13: |*| | | | | | | | | | | | | |
 12: | | | | | | | | |*| | | | | |
 11: | | | | |*| | | | | |*| | |*|
 10: | | | | |*| | | | | | | | | |
  9: | |*| | | | | | | | | | | | |
  8: | | | | |*| | | | | |*| | |*|
  7: | | | | | | | | |*|*| | | | |
  6: | | |*| | | | | | |*| | | | |
  5: | | | | | |*| | | | | | | | |
  4: | | |N|*|*| | | | | | | | |*|
  3: | | | | | | | | | | | | | | |
  2: | |S| | | | | | | | | | | |*|
  1: | | | |*| | | | | | | | | | |
  0: -----------------------------

 y\x  1 2 3 4 5 6 7 8 91011121314
 14: -----------------------------
 13: |*| | | | | | | | | | | | | |
 12: | | | | | | | | |*| | | | | |
 11: | | | | |*| | | | | |*| | |*|
 10: | | | | |*| | | | | | | | | |
  9: | |*| | | | | | | | | | | | |
  8: | | | | |*| | | | | |*| | |*|
  7: | | | | | | | | |*|*| | | | |
  6: | | |*| | | | | | |*| | | | |
  5: | | | | | |*| | | | | | | | |
  4: | | |N|*|*| | | | | | | | |*|
  3: | | | | | | | | | | | | | | |
  2: | | | | | | | | | | | | | |*|
  1: | |S| |*| | | | | | | | | | |
  0: -----------------------------

 y\x  1 2 3 4 5 6 7 8 91011121314
 14: -----------------------------
 13: |*| | | | | | | | | | | | | |
 12: | | | | | | | | |*| | | | | |
 11: | | | | |*| | | | | |*| | |*|
 10: | | | | |*| | | | | | | | | |
  9: | |*| | | | | | | | | | | | |
  8: | | | | |*| | | | | |*| | |*|
  7: | | | | | | | | |*|*| | | | |
  6: | | |*| | | | | | |*| | | | |
  5: | | |N| | |*| | | | | | | | |
  4: | | | |*|*| | | | | | | | |*|
  3: | | | | | | | | | | | | | | |
  2: | | | | | | | | | | | | | |*|
  1: | |S| |*| | | | | | | | | | |
  0: -----------------------------

 y\x  1 2 3 4 5 6 7 8 91011121314
 14: -----------------------------
 13: |*| | | | | | | | | | | | | |
 12: | | | | | | | | |*| | | | | |
 11: | | | | |*| | | | | |*| | |*|
 10: | | | | |*| | | | | | | | | |
  9: | |*| | | | | | | | | | | | |
  8: | | | | |*| | | | | |*| | |*|
  7: | | | | | | | | |*|*| | | | |
  6: | | |*| | | | | | |*| | | | |
  5: | | |N| | |*| | | | | | | | |
  4: | | | |*|*| | | | | | | | |*|
  3: | | | | | | | | | | | | | | |
  2: | | | | | | | | | | | | | |*|
  1: | | | |*| | | | | | | | | | |
  0: | |S| | | | | | | | | | | | |
 -1: -----------------------------

 y\x  1 2 3 4 5 6 7 8 91011121314
 14: -----------------------------
 13: |*| | |*| | | | | | | | | | |
 12: | | | | | | | | |*| | | | | |
 11: | | | | |*| | | | | |*| | |*|
 10: | | | | |*| | | | | | | | | |
  9: | |*| | | | | | | | | | | | |
  8: | | | | |*| | | | | |*| | |*|
  7: | | | | | | | | |*|*| | | | |
  6: | | |N| | | | | | |*| | | | |
  5: | | | | | |*| | | | | | | | |
  4: | | | |*|*| | | | | | | | |*|
  3: | | | | | | | | | | | | | | |
  2: | | | | | | | | | | | | | |*|
  1: | | | |*| | | | | | | | | | |
  0: | |S| | | | | | | | | | | | |
 -1: -----------------------------

 y\x  1 2 3 4 5 6 7 8 91011121314
 14: -----------------------------
 13: |*| | |*| | | | | | | | | | |
 12: | | | | | | | | |*| | | | | |
 11: | | | | |*| | | | | |*| | |*|
 10: | | | | |*| | | | | | | | | |
  9: | |*| | | | | | | | | | | | |
  8: | | | | |*| | | | | |*| | |*|
  7: | | | | | | | | |*|*| | | | |
  6: | | |N| | | | | | |*| | | | |
  5: | | | | | |*| | | | | | | | |
  4: | | | |*|*| | | | | | | | |*|
  3: | | | | | | | | | | | | | | |
  2: | | | | | | | | | | | | | |*|
  1: | | | |*| | | | | | | | | | |
  0: | | | | | | | | | | | | | | |
 -1: | |S| | | | | | | | | | | | |
 -2: -----------------------------

 y\x  1 2 3 4 5 6 7 8 91011121314
 14: -----------------------------
 13: |*| | |*| | | | | | | | | | |
 12: | | | | | | | | |*| | | | | |
 11: | | | | |*| | | | | |*| | |*|
 10: | | | | |*| | | | | | | | | |
  9: | |*| | | | | | | | | | | | |
  8: | | | | |*| | | | | |*| | |*|
  7: | | |N| | | | | |*|*| | | | |
  6: | | | | | | | | | |*| | | | |
  5: | | | | | |*| | | | | | | | |
  4: | | | |*|*| | | | | | | | |*|
  3: | | | | | | | | | | | | | | |
  2: | | | | | | | | | | | | | |*|
  1: | | | |*| | | | | | | | | | |
  0: | | | | | | | | | | | | | | |
 -1: | |S| | | | | | | | | | | | |
 -2: -----------------------------

{(3,7)=N, (2,-1)=S}
]]></system-out>
  <system-err><![CDATA[]]></system-err>
</testsuite>
