<?xml version="1.0" encoding="UTF-8"?>
<testsuite name="agh.ics.oop.RectangularMapTest" tests="1" skipped="0" failures="0" errors="0" timestamp="2022-12-04T19:00:56" hostname="SOBIESIAKOMP" time="0.017">
  <properties/>
  <testcase name="objectAtTest()" classname="agh.ics.oop.RectangularMapTest" time="0.017"/>
  <system-out><![CDATA[ y\x  2
  5: ---
  4: |N|
  3: | |
  2: | |
  1: |N|
  0: ---

 y\x  2
  5: ---
  4: |N|
  3: | |
  2: |N|
  1: ---

 y\x  2
  4: ---
  3: |N|
  2: |N|
  1: ---

 y\x  2
  4: ---
  3: |N|
  2: |N|
  1: ---

 y\x  2
  4: ---
  3: |N|
  2: |N|
  1: ---

]]></system-out>
  <system-err><![CDATA[]]></system-err>
</testsuite>
